Running PRESTO HDLC
Compiling source file /mnt/hgfs/FDE_Rex_Runner/v_src/FDE_Rex_Runner.v
Presto compilation completed successfully.
Loading db file '/home/allenwalker/project/lib/fde_dc.db'
Loading db file '/eda/synopsys/dc2013/libraries/syn/gtech.db'
Loading db file '/eda/synopsys/dc2013/libraries/syn/standard.sldb'
  Loading link library 'fde_dc'
  Loading link library 'gtech'
Running PRESTO HDLC
Presto compilation completed successfully.
Elaborated 1 design.
Current design is now 'FDE_Rex_Runner'.
Information: Building the design 'Driver'. (HDL-193)

Statistics for case statements in always block at line 60 in file
	'/mnt/hgfs/FDE_Rex_Runner/v_src/Driver.v'
===============================================
|           Line           |  full/ parallel  |
===============================================
|            76            |    auto/auto     |
===============================================

Inferred memory devices in process
	in routine Driver line 60 in file
		'/mnt/hgfs/FDE_Rex_Runner/v_src/Driver.v'.
===============================================================================
|    Register Name    |   Type    | Width | Bus | MB | AR | AS | SR | SS | ST |
===============================================================================
|  start_history_reg  | Flip-flop |   2   |  Y  | N  | N  | N  | N  | N  | N  |
|      state_reg      | Flip-flop |   3   |  Y  | N  | N  | N  | N  | N  | N  |
|        x_reg        | Flip-flop |   5   |  Y  | N  | N  | N  | N  | N  | N  |
|     dori_o_reg      | Flip-flop |   1   |  N  | N  | N  | N  | N  | N  | N  |
|      rst_o_reg      | Flip-flop |   1   |  N  | N  | N  | N  | N  | N  | N  |
|      db_o_reg       | Flip-flop |   8   |  Y  | N  | N  | N  | N  | N  | N  |
|        y_reg        | Flip-flop |   6   |  Y  | N  | N  | N  | N  | N  | N  |
|      en_o_reg       | Flip-flop |   1   |  N  | N  | N  | N  | N  | N  | N  |
===============================================================================
Presto compilation completed successfully.
Information: Building the design 'Decider'. (HDL-193)

Inferred memory devices in process
	in routine Decider line 100 in file
		'/mnt/hgfs/FDE_Rex_Runner/v_src/Decider.v'.
===============================================================================
|    Register Name    |   Type    | Width | Bus | MB | AR | AS | SR | SS | ST |
===============================================================================
|      addrT_reg      | Flip-flop |  16   |  Y  | N  | Y  | N  | N  | N  | N  |
===============================================================================
Presto compilation completed successfully.
Information: Re-analyzing the out of date architecture 'GameCenter(verilog)'. (LBR-15)
Compiling source file /mnt/hgfs/FDE_Rex_Runner/v_src/GameCenter.v
Presto compilation completed successfully.
Information: Building the design 'GameCenter'. (HDL-193)

Statistics for case statements in always block at line 98 in file
	'/mnt/hgfs/FDE_Rex_Runner/v_src/GameCenter.v'
===============================================
|           Line           |  full/ parallel  |
===============================================
|           106            |    auto/auto     |
===============================================

Statistics for case statements in always block at line 160 in file
	'/mnt/hgfs/FDE_Rex_Runner/v_src/GameCenter.v'
===============================================
|           Line           |  full/ parallel  |
===============================================
|           166            |    auto/auto     |
===============================================

Inferred memory devices in process
	in routine GameCenter line 52 in file
		'/mnt/hgfs/FDE_Rex_Runner/v_src/GameCenter.v'.
===============================================================================
|    Register Name    |   Type    | Width | Bus | MB | AR | AS | SR | SS | ST |
===============================================================================
| clk24HzHistory_reg  | Flip-flop |   1   |  N  | N  | Y  | N  | N  | N  | N  |
===============================================================================

Inferred memory devices in process
	in routine GameCenter line 69 in file
		'/mnt/hgfs/FDE_Rex_Runner/v_src/GameCenter.v'.
===============================================================================
|    Register Name    |   Type    | Width | Bus | MB | AR | AS | SR | SS | ST |
===============================================================================
|  rex_jmp_list_reg   | Flip-flop |  192  |  Y  | N  | N  | N  | N  | N  | N  |
===============================================================================

Inferred memory devices in process
	in routine GameCenter line 85 in file
		'/mnt/hgfs/FDE_Rex_Runner/v_src/GameCenter.v'.
===============================================================================
|    Register Name    |   Type    | Width | Bus | MB | AR | AS | SR | SS | ST |
===============================================================================
|  in_up_history_reg  | Flip-flop |   3   |  Y  | N  | Y  | N  | N  | N  | N  |
===============================================================================

Inferred memory devices in process
	in routine GameCenter line 98 in file
		'/mnt/hgfs/FDE_Rex_Runner/v_src/GameCenter.v'.
===============================================================================
|    Register Name    |   Type    | Width | Bus | MB | AR | AS | SR | SS | ST |
===============================================================================
|   rex_jmp_ptr_reg   | Flip-flop |   8   |  Y  | N  | Y  | N  | N  | N  | N  |
|   game_state_reg    | Flip-flop |   2   |  Y  | N  | Y  | N  | N  | N  | N  |
|    rex_down_reg     | Flip-flop |  16   |  Y  | N  | Y  | N  | N  | N  | N  |
|   rex_falling_reg   | Flip-flop |   1   |  N  | N  | Y  | N  | N  | N  | N  |
===============================================================================

Inferred memory devices in process
	in routine GameCenter line 160 in file
		'/mnt/hgfs/FDE_Rex_Runner/v_src/GameCenter.v'.
===============================================================================
|    Register Name    |   Type    | Width | Bus | MB | AR | AS | SR | SS | ST |
===============================================================================
|    obs_left_reg     | Flip-flop |  16   |  Y  | N  | Y  | N  | N  | N  | N  |
===============================================================================
Presto compilation completed successfully.
Information: Building the design 'Texture'. (HDL-193)
Presto compilation completed successfully.
Information: Building the design 'Clock_Divider'. (HDL-193)

Inferred memory devices in process
	in routine Clock_Divider line 15 in file
		'/mnt/hgfs/FDE_Rex_Runner/v_src/Clock_Divider.v'.
===============================================================================
|    Register Name    |   Type    | Width | Bus | MB | AR | AS | SR | SS | ST |
===============================================================================
|      cnt5k_reg      | Flip-flop |  16   |  Y  | N  | Y  | N  | N  | N  | N  |
|     clk12Hz_reg     | Flip-flop |   1   |  N  | N  | Y  | N  | N  | N  | N  |
===============================================================================

Inferred memory devices in process
	in routine Clock_Divider line 31 in file
		'/mnt/hgfs/FDE_Rex_Runner/v_src/Clock_Divider.v'.
===============================================================================
|    Register Name    |   Type    | Width | Bus | MB | AR | AS | SR | SS | ST |
===============================================================================
|     cnt2k5_reg      | Flip-flop |  16   |  Y  | N  | Y  | N  | N  | N  | N  |
|     clk24Hz_reg     | Flip-flop |   1   |  N  | N  | Y  | N  | N  | N  | N  |
===============================================================================
Presto compilation completed successfully.
Running PRESTO HDLC
Compiling source file /mnt/hgfs/FDE_Rex_Runner/v_src/Driver.v
Presto compilation completed successfully.
Running PRESTO HDLC

Statistics for case statements in always block at line 60 in file
	'/mnt/hgfs/FDE_Rex_Runner/v_src/Driver.v'
===============================================
|           Line           |  full/ parallel  |
===============================================
|            76            |    auto/auto     |
===============================================

Inferred memory devices in process
	in routine Driver line 60 in file
		'/mnt/hgfs/FDE_Rex_Runner/v_src/Driver.v'.
===============================================================================
|    Register Name    |   Type    | Width | Bus | MB | AR | AS | SR | SS | ST |
===============================================================================
|  start_history_reg  | Flip-flop |   2   |  Y  | N  | N  | N  | N  | N  | N  |
|      state_reg      | Flip-flop |   3   |  Y  | N  | N  | N  | N  | N  | N  |
|        x_reg        | Flip-flop |   5   |  Y  | N  | N  | N  | N  | N  | N  |
|     dori_o_reg      | Flip-flop |   1   |  N  | N  | N  | N  | N  | N  | N  |
|      rst_o_reg      | Flip-flop |   1   |  N  | N  | N  | N  | N  | N  | N  |
|      db_o_reg       | Flip-flop |   8   |  Y  | N  | N  | N  | N  | N  | N  |
|        y_reg        | Flip-flop |   6   |  Y  | N  | N  | N  | N  | N  | N  |
|      en_o_reg       | Flip-flop |   1   |  N  | N  | N  | N  | N  | N  | N  |
===============================================================================
Presto compilation completed successfully.
Warning: Overwriting design file '/mnt/hgfs/FDE_Rex_Runner/Driver.db'. (DDB-24)
Elaborated 1 design.
Current design is now 'Driver'.
Running PRESTO HDLC
Compiling source file /mnt/hgfs/FDE_Rex_Runner/v_src/Decider.v
Presto compilation completed successfully.
Running PRESTO HDLC

Inferred memory devices in process
	in routine Decider line 100 in file
		'/mnt/hgfs/FDE_Rex_Runner/v_src/Decider.v'.
===============================================================================
|    Register Name    |   Type    | Width | Bus | MB | AR | AS | SR | SS | ST |
===============================================================================
|      addrT_reg      | Flip-flop |  16   |  Y  | N  | Y  | N  | N  | N  | N  |
===============================================================================
Presto compilation completed successfully.
Warning: Overwriting design file '/mnt/hgfs/FDE_Rex_Runner/Decider.db'. (DDB-24)
Elaborated 1 design.
Current design is now 'Decider'.
Running PRESTO HDLC
Compiling source file /mnt/hgfs/FDE_Rex_Runner/v_src/Texture.v
Presto compilation completed successfully.
Running PRESTO HDLC
Presto compilation completed successfully.
Warning: Overwriting design file '/mnt/hgfs/FDE_Rex_Runner/texture.db'. (DDB-24)
Elaborated 1 design.
Current design is now 'texture'.
Running PRESTO HDLC
Compiling source file /mnt/hgfs/FDE_Rex_Runner/v_src/Clock_Divider.v
Presto compilation completed successfully.
Running PRESTO HDLC

Inferred memory devices in process
	in routine Clock_Divider line 15 in file
		'/mnt/hgfs/FDE_Rex_Runner/v_src/Clock_Divider.v'.
===============================================================================
|    Register Name    |   Type    | Width | Bus | MB | AR | AS | SR | SS | ST |
===============================================================================
|      cnt5k_reg      | Flip-flop |  16   |  Y  | N  | Y  | N  | N  | N  | N  |
|     clk12Hz_reg     | Flip-flop |   1   |  N  | N  | Y  | N  | N  | N  | N  |
===============================================================================

Inferred memory devices in process
	in routine Clock_Divider line 31 in file
		'/mnt/hgfs/FDE_Rex_Runner/v_src/Clock_Divider.v'.
===============================================================================
|    Register Name    |   Type    | Width | Bus | MB | AR | AS | SR | SS | ST |
===============================================================================
|     cnt2k5_reg      | Flip-flop |  16   |  Y  | N  | Y  | N  | N  | N  | N  |
|     clk24Hz_reg     | Flip-flop |   1   |  N  | N  | Y  | N  | N  | N  | N  |
===============================================================================
Presto compilation completed successfully.
Warning: Overwriting design file '/mnt/hgfs/FDE_Rex_Runner/Clock_Divider.db'. (DDB-24)
Elaborated 1 design.
Current design is now 'Clock_Divider'.
Running PRESTO HDLC
Compiling source file /mnt/hgfs/FDE_Rex_Runner/v_src/GameCenter.v
Presto compilation completed successfully.
Running PRESTO HDLC

Statistics for case statements in always block at line 98 in file
	'/mnt/hgfs/FDE_Rex_Runner/v_src/GameCenter.v'
===============================================
|           Line           |  full/ parallel  |
===============================================
|           106            |    auto/auto     |
===============================================

Statistics for case statements in always block at line 160 in file
	'/mnt/hgfs/FDE_Rex_Runner/v_src/GameCenter.v'
===============================================
|           Line           |  full/ parallel  |
===============================================
|           166            |    auto/auto     |
===============================================

Inferred memory devices in process
	in routine GameCenter line 52 in file
		'/mnt/hgfs/FDE_Rex_Runner/v_src/GameCenter.v'.
===============================================================================
|    Register Name    |   Type    | Width | Bus | MB | AR | AS | SR | SS | ST |
===============================================================================
| clk24HzHistory_reg  | Flip-flop |   1   |  N  | N  | Y  | N  | N  | N  | N  |
===============================================================================

Inferred memory devices in process
	in routine GameCenter line 69 in file
		'/mnt/hgfs/FDE_Rex_Runner/v_src/GameCenter.v'.
===============================================================================
|    Register Name    |   Type    | Width | Bus | MB | AR | AS | SR | SS | ST |
===============================================================================
|  rex_jmp_list_reg   | Flip-flop |  192  |  Y  | N  | N  | N  | N  | N  | N  |
===============================================================================

Inferred memory devices in process
	in routine GameCenter line 85 in file
		'/mnt/hgfs/FDE_Rex_Runner/v_src/GameCenter.v'.
===============================================================================
|    Register Name    |   Type    | Width | Bus | MB | AR | AS | SR | SS | ST |
===============================================================================
|  in_up_history_reg  | Flip-flop |   3   |  Y  | N  | Y  | N  | N  | N  | N  |
===============================================================================

Inferred memory devices in process
	in routine GameCenter line 98 in file
		'/mnt/hgfs/FDE_Rex_Runner/v_src/GameCenter.v'.
===============================================================================
|    Register Name    |   Type    | Width | Bus | MB | AR | AS | SR | SS | ST |
===============================================================================
|   rex_jmp_ptr_reg   | Flip-flop |   8   |  Y  | N  | Y  | N  | N  | N  | N  |
|   game_state_reg    | Flip-flop |   2   |  Y  | N  | Y  | N  | N  | N  | N  |
|    rex_down_reg     | Flip-flop |  16   |  Y  | N  | Y  | N  | N  | N  | N  |
|   rex_falling_reg   | Flip-flop |   1   |  N  | N  | Y  | N  | N  | N  | N  |
===============================================================================

Inferred memory devices in process
	in routine GameCenter line 160 in file
		'/mnt/hgfs/FDE_Rex_Runner/v_src/GameCenter.v'.
===============================================================================
|    Register Name    |   Type    | Width | Bus | MB | AR | AS | SR | SS | ST |
===============================================================================
|    obs_left_reg     | Flip-flop |  16   |  Y  | N  | Y  | N  | N  | N  | N  |
===============================================================================
Presto compilation completed successfully.
Warning: Overwriting design file '/mnt/hgfs/FDE_Rex_Runner/GameCenter.db'. (DDB-24)
Elaborated 1 design.
Current design is now 'GameCenter'.
Current design is 'FDE_Rex_Runner'.
Current design is 'FDE_Rex_Runner'.

  Linking design 'FDE_Rex_Runner'
  Using the following designs and libraries:
  --------------------------------------------------------------------------
  * (6 designs)               /mnt/hgfs/FDE_Rex_Runner/FDE_Rex_Runner.db, etc
  fde_dc (library)            /home/allenwalker/project/lib/fde_dc.db

Information: Updating graph... (UID-83)
Warning: Design 'FDE_Rex_Runner' contains 1 high-fanout nets. A fanout number of 1000 will be used for delay calculations involving these nets. (TIM-134)
Information: Evaluating DesignWare library utilization. (UISN-27)

============================================================================
| DesignWare Building Block Library  |         Version         | Available |
============================================================================
| Basic DW Building Blocks           | H-2013.03-DWBB_201303.0 |     *     |
| Licensed DW Building Blocks        |                         |           |
============================================================================


Information: There are 16 potential problems in your design. Please run 'check_design' for more information. (LINT-99)



  Beginning Pass 1 Mapping
  ------------------------
  Processing 'FDE_Rex_Runner'
Information: The register 'decider/addrT_reg[15]' will be removed. (OPT-1207)
Information: The register 'decider/addrT_reg[14]' will be removed. (OPT-1207)
Information: The register 'decider/addrT_reg[13]' will be removed. (OPT-1207)
Information: The register 'decider/addrT_reg[12]' will be removed. (OPT-1207)
Information: The register 'decider/addrT_reg[11]' will be removed. (OPT-1207)
Information: The register 'decider/addrT_reg[10]' will be removed. (OPT-1207)
Information: The register 'gamecenter/rex_jmp_list_reg[0][0]' is a constant and will be removed. (OPT-1206)
Information: The register 'gamecenter/rex_jmp_list_reg[0][1]' is a constant and will be removed. (OPT-1206)
Information: The register 'gamecenter/rex_jmp_list_reg[0][2]' is a constant and will be removed. (OPT-1206)
Information: The register 'gamecenter/rex_jmp_list_reg[0][3]' is a constant and will be removed. (OPT-1206)
Information: The register 'gamecenter/rex_jmp_list_reg[0][4]' is a constant and will be removed. (OPT-1206)
Information: The register 'gamecenter/rex_jmp_list_reg[0][5]' is a constant and will be removed. (OPT-1206)
Information: The register 'gamecenter/rex_jmp_list_reg[0][6]' is a constant and will be removed. (OPT-1206)
Information: The register 'gamecenter/rex_jmp_list_reg[0][7]' is a constant and will be removed. (OPT-1206)
Information: The register 'gamecenter/rex_jmp_list_reg[0][8]' is a constant and will be removed. (OPT-1206)
Information: The register 'gamecenter/rex_jmp_list_reg[0][9]' is a constant and will be removed. (OPT-1206)
Information: The register 'gamecenter/rex_jmp_list_reg[0][10]' is a constant and will be removed. (OPT-1206)
Information: The register 'gamecenter/rex_jmp_list_reg[0][11]' is a constant and will be removed. (OPT-1206)
Information: The register 'gamecenter/rex_jmp_list_reg[0][12]' is a constant and will be removed. (OPT-1206)
Information: The register 'gamecenter/rex_jmp_list_reg[0][13]' is a constant and will be removed. (OPT-1206)
Information: The register 'gamecenter/rex_jmp_list_reg[0][14]' is a constant and will be removed. (OPT-1206)
Information: The register 'gamecenter/rex_jmp_list_reg[0][15]' is a constant and will be removed. (OPT-1206)
Information: The register 'gamecenter/rex_jmp_list_reg[1][0]' is a constant and will be removed. (OPT-1206)
Information: The register 'gamecenter/rex_jmp_list_reg[1][1]' is a constant and will be removed. (OPT-1206)
Information: The register 'gamecenter/rex_jmp_list_reg[1][2]' is a constant and will be removed. (OPT-1206)
Information: The register 'gamecenter/rex_jmp_list_reg[1][3]' is a constant and will be removed. (OPT-1206)
Information: The register 'gamecenter/rex_jmp_list_reg[1][4]' is a constant and will be removed. (OPT-1206)
Information: The register 'gamecenter/rex_jmp_list_reg[1][5]' is a constant and will be removed. (OPT-1206)
Information: The register 'gamecenter/rex_jmp_list_reg[1][6]' is a constant and will be removed. (OPT-1206)
Information: The register 'gamecenter/rex_jmp_list_reg[1][7]' is a constant and will be removed. (OPT-1206)
Information: The register 'gamecenter/rex_jmp_list_reg[1][8]' is a constant and will be removed. (OPT-1206)
Information: The register 'gamecenter/rex_jmp_list_reg[1][9]' is a constant and will be removed. (OPT-1206)
Information: The register 'gamecenter/rex_jmp_list_reg[1][10]' is a constant and will be removed. (OPT-1206)
Information: The register 'gamecenter/rex_jmp_list_reg[1][11]' is a constant and will be removed. (OPT-1206)
Information: The register 'gamecenter/rex_jmp_list_reg[1][12]' is a constant and will be removed. (OPT-1206)
Information: The register 'gamecenter/rex_jmp_list_reg[1][13]' is a constant and will be removed. (OPT-1206)
Information: The register 'gamecenter/rex_jmp_list_reg[1][14]' is a constant and will be removed. (OPT-1206)
Information: The register 'gamecenter/rex_jmp_list_reg[1][15]' is a constant and will be removed. (OPT-1206)
Information: The register 'gamecenter/rex_jmp_list_reg[2][0]' is a constant and will be removed. (OPT-1206)
Information: The register 'gamecenter/rex_jmp_list_reg[2][1]' is a constant and will be removed. (OPT-1206)
Information: The register 'gamecenter/rex_jmp_list_reg[2][2]' is a constant and will be removed. (OPT-1206)
Information: The register 'gamecenter/rex_jmp_list_reg[2][3]' is a constant and will be removed. (OPT-1206)
Information: The register 'gamecenter/rex_jmp_list_reg[2][4]' is a constant and will be removed. (OPT-1206)
Information: The register 'gamecenter/rex_jmp_list_reg[2][5]' is a constant and will be removed. (OPT-1206)
Information: The register 'gamecenter/rex_jmp_list_reg[2][6]' is a constant and will be removed. (OPT-1206)
Information: The register 'gamecenter/rex_jmp_list_reg[2][7]' is a constant and will be removed. (OPT-1206)
Information: The register 'gamecenter/rex_jmp_list_reg[2][8]' is a constant and will be removed. (OPT-1206)
Information: The register 'gamecenter/rex_jmp_list_reg[2][9]' is a constant and will be removed. (OPT-1206)
Information: The register 'gamecenter/rex_jmp_list_reg[2][10]' is a constant and will be removed. (OPT-1206)
Information: The register 'gamecenter/rex_jmp_list_reg[2][11]' is a constant and will be removed. (OPT-1206)
Information: The register 'gamecenter/rex_jmp_list_reg[2][12]' is a constant and will be removed. (OPT-1206)
Information: The register 'gamecenter/rex_jmp_list_reg[2][13]' is a constant and will be removed. (OPT-1206)
Information: The register 'gamecenter/rex_jmp_list_reg[2][14]' is a constant and will be removed. (OPT-1206)
Information: The register 'gamecenter/rex_jmp_list_reg[2][15]' is a constant and will be removed. (OPT-1206)
Information: The register 'gamecenter/rex_jmp_list_reg[3][0]' is a constant and will be removed. (OPT-1206)
Information: The register 'gamecenter/rex_jmp_list_reg[3][1]' is a constant and will be removed. (OPT-1206)
Information: The register 'gamecenter/rex_jmp_list_reg[3][2]' is a constant and will be removed. (OPT-1206)
Information: The register 'gamecenter/rex_jmp_list_reg[3][3]' is a constant and will be removed. (OPT-1206)
Information: The register 'gamecenter/rex_jmp_list_reg[3][4]' is a constant and will be removed. (OPT-1206)
Information: The register 'gamecenter/rex_jmp_list_reg[3][5]' is a constant and will be removed. (OPT-1206)
Information: The register 'gamecenter/rex_jmp_list_reg[3][6]' is a constant and will be removed. (OPT-1206)
Information: The register 'gamecenter/rex_jmp_list_reg[3][7]' is a constant and will be removed. (OPT-1206)
Information: The register 'gamecenter/rex_jmp_list_reg[3][8]' is a constant and will be removed. (OPT-1206)
Information: The register 'gamecenter/rex_jmp_list_reg[3][9]' is a constant and will be removed. (OPT-1206)
Information: The register 'gamecenter/rex_jmp_list_reg[3][10]' is a constant and will be removed. (OPT-1206)
Information: The register 'gamecenter/rex_jmp_list_reg[3][11]' is a constant and will be removed. (OPT-1206)
Information: The register 'gamecenter/rex_jmp_list_reg[3][12]' is a constant and will be removed. (OPT-1206)
Information: The register 'gamecenter/rex_jmp_list_reg[3][13]' is a constant and will be removed. (OPT-1206)
Information: The register 'gamecenter/rex_jmp_list_reg[3][14]' is a constant and will be removed. (OPT-1206)
Information: The register 'gamecenter/rex_jmp_list_reg[3][15]' is a constant and will be removed. (OPT-1206)
Information: The register 'gamecenter/rex_jmp_list_reg[4][0]' is a constant and will be removed. (OPT-1206)
Information: The register 'gamecenter/rex_jmp_list_reg[4][1]' is a constant and will be removed. (OPT-1206)
Information: The register 'gamecenter/rex_jmp_list_reg[4][2]' is a constant and will be removed. (OPT-1206)
Information: The register 'gamecenter/rex_jmp_list_reg[4][3]' is a constant and will be removed. (OPT-1206)
Information: The register 'gamecenter/rex_jmp_list_reg[4][4]' is a constant and will be removed. (OPT-1206)
Information: The register 'gamecenter/rex_jmp_list_reg[4][5]' is a constant and will be removed. (OPT-1206)
Information: The register 'gamecenter/rex_jmp_list_reg[4][6]' is a constant and will be removed. (OPT-1206)
Information: The register 'gamecenter/rex_jmp_list_reg[4][7]' is a constant and will be removed. (OPT-1206)
Information: The register 'gamecenter/rex_jmp_list_reg[4][8]' is a constant and will be removed. (OPT-1206)
Information: The register 'gamecenter/rex_jmp_list_reg[4][9]' is a constant and will be removed. (OPT-1206)
Information: The register 'gamecenter/rex_jmp_list_reg[4][10]' is a constant and will be removed. (OPT-1206)
Information: The register 'gamecenter/rex_jmp_list_reg[4][11]' is a constant and will be removed. (OPT-1206)
Information: The register 'gamecenter/rex_jmp_list_reg[4][12]' is a constant and will be removed. (OPT-1206)
Information: The register 'gamecenter/rex_jmp_list_reg[4][13]' is a constant and will be removed. (OPT-1206)
Information: The register 'gamecenter/rex_jmp_list_reg[4][14]' is a constant and will be removed. (OPT-1206)
Information: The register 'gamecenter/rex_jmp_list_reg[4][15]' is a constant and will be removed. (OPT-1206)
Information: The register 'gamecenter/rex_jmp_list_reg[5][0]' is a constant and will be removed. (OPT-1206)
Information: The register 'gamecenter/rex_jmp_list_reg[5][1]' is a constant and will be removed. (OPT-1206)
Information: The register 'gamecenter/rex_jmp_list_reg[5][2]' is a constant and will be removed. (OPT-1206)
Information: The register 'gamecenter/rex_jmp_list_reg[5][3]' is a constant and will be removed. (OPT-1206)
Information: The register 'gamecenter/rex_jmp_list_reg[5][4]' is a constant and will be removed. (OPT-1206)
Information: The register 'gamecenter/rex_jmp_list_reg[5][5]' is a constant and will be removed. (OPT-1206)
Information: The register 'gamecenter/rex_jmp_list_reg[5][6]' is a constant and will be removed. (OPT-1206)
Information: The register 'gamecenter/rex_jmp_list_reg[5][7]' is a constant and will be removed. (OPT-1206)
Information: The register 'gamecenter/rex_jmp_list_reg[5][8]' is a constant and will be removed. (OPT-1206)
Information: The register 'gamecenter/rex_jmp_list_reg[5][9]' is a constant and will be removed. (OPT-1206)
Information: The register 'gamecenter/rex_jmp_list_reg[5][10]' is a constant and will be removed. (OPT-1206)
Information: The register 'gamecenter/rex_jmp_list_reg[5][11]' is a constant and will be removed. (OPT-1206)
Information: The register 'gamecenter/rex_jmp_list_reg[5][12]' is a constant and will be removed. (OPT-1206)
Information: The register 'gamecenter/rex_jmp_list_reg[5][13]' is a constant and will be removed. (OPT-1206)
Information: The register 'gamecenter/rex_jmp_list_reg[5][14]' is a constant and will be removed. (OPT-1206)
Information: The register 'gamecenter/rex_jmp_list_reg[5][15]' is a constant and will be removed. (OPT-1206)
Information: The register 'gamecenter/rex_jmp_list_reg[6][0]' is a constant and will be removed. (OPT-1206)
Information: The register 'gamecenter/rex_jmp_list_reg[6][1]' is a constant and will be removed. (OPT-1206)
Information: The register 'gamecenter/rex_jmp_list_reg[6][2]' is a constant and will be removed. (OPT-1206)
Information: The register 'gamecenter/rex_jmp_list_reg[6][3]' is a constant and will be removed. (OPT-1206)
Information: The register 'gamecenter/rex_jmp_list_reg[6][4]' is a constant and will be removed. (OPT-1206)
Information: The register 'gamecenter/rex_jmp_list_reg[6][5]' is a constant and will be removed. (OPT-1206)
Information: The register 'gamecenter/rex_jmp_list_reg[6][6]' is a constant and will be removed. (OPT-1206)
Information: The register 'gamecenter/rex_jmp_list_reg[6][7]' is a constant and will be removed. (OPT-1206)
Information: The register 'gamecenter/rex_jmp_list_reg[6][8]' is a constant and will be removed. (OPT-1206)
Information: The register 'gamecenter/rex_jmp_list_reg[6][9]' is a constant and will be removed. (OPT-1206)
Information: The register 'gamecenter/rex_jmp_list_reg[6][10]' is a constant and will be removed. (OPT-1206)
Information: The register 'gamecenter/rex_jmp_list_reg[6][11]' is a constant and will be removed. (OPT-1206)
Information: The register 'gamecenter/rex_jmp_list_reg[6][12]' is a constant and will be removed. (OPT-1206)
Information: The register 'gamecenter/rex_jmp_list_reg[6][13]' is a constant and will be removed. (OPT-1206)
Information: The register 'gamecenter/rex_jmp_list_reg[6][14]' is a constant and will be removed. (OPT-1206)
Information: The register 'gamecenter/rex_jmp_list_reg[6][15]' is a constant and will be removed. (OPT-1206)
Information: The register 'gamecenter/rex_jmp_list_reg[7][0]' is a constant and will be removed. (OPT-1206)
Information: The register 'gamecenter/rex_jmp_list_reg[7][1]' is a constant and will be removed. (OPT-1206)
Information: The register 'gamecenter/rex_jmp_list_reg[7][2]' is a constant and will be removed. (OPT-1206)
Information: The register 'gamecenter/rex_jmp_list_reg[7][3]' is a constant and will be removed. (OPT-1206)
Information: The register 'gamecenter/rex_jmp_list_reg[7][4]' is a constant and will be removed. (OPT-1206)
Information: The register 'gamecenter/rex_jmp_list_reg[7][5]' is a constant and will be removed. (OPT-1206)
Information: The register 'gamecenter/rex_jmp_list_reg[7][6]' is a constant and will be removed. (OPT-1206)
Information: The register 'gamecenter/rex_jmp_list_reg[7][7]' is a constant and will be removed. (OPT-1206)
Information: The register 'gamecenter/rex_jmp_list_reg[7][8]' is a constant and will be removed. (OPT-1206)
Information: The register 'gamecenter/rex_jmp_list_reg[7][9]' is a constant and will be removed. (OPT-1206)
Information: The register 'gamecenter/rex_jmp_list_reg[7][10]' is a constant and will be removed. (OPT-1206)
Information: The register 'gamecenter/rex_jmp_list_reg[7][11]' is a constant and will be removed. (OPT-1206)
Information: The register 'gamecenter/rex_jmp_list_reg[7][12]' is a constant and will be removed. (OPT-1206)
Information: The register 'gamecenter/rex_jmp_list_reg[7][13]' is a constant and will be removed. (OPT-1206)
Information: The register 'gamecenter/rex_jmp_list_reg[7][14]' is a constant and will be removed. (OPT-1206)
Information: The register 'gamecenter/rex_jmp_list_reg[7][15]' is a constant and will be removed. (OPT-1206)
Information: The register 'gamecenter/rex_jmp_list_reg[8][0]' is a constant and will be removed. (OPT-1206)
Information: The register 'gamecenter/rex_jmp_list_reg[8][1]' is a constant and will be removed. (OPT-1206)
Information: The register 'gamecenter/rex_jmp_list_reg[8][2]' is a constant and will be removed. (OPT-1206)
Information: The register 'gamecenter/rex_jmp_list_reg[8][3]' is a constant and will be removed. (OPT-1206)
Information: The register 'gamecenter/rex_jmp_list_reg[8][4]' is a constant and will be removed. (OPT-1206)
Information: The register 'gamecenter/rex_jmp_list_reg[8][5]' is a constant and will be removed. (OPT-1206)
Information: The register 'gamecenter/rex_jmp_list_reg[8][6]' is a constant and will be removed. (OPT-1206)
Information: The register 'gamecenter/rex_jmp_list_reg[8][7]' is a constant and will be removed. (OPT-1206)
Information: The register 'gamecenter/rex_jmp_list_reg[8][8]' is a constant and will be removed. (OPT-1206)
Information: The register 'gamecenter/rex_jmp_list_reg[8][9]' is a constant and will be removed. (OPT-1206)
Information: The register 'gamecenter/rex_jmp_list_reg[8][10]' is a constant and will be removed. (OPT-1206)
Information: The register 'gamecenter/rex_jmp_list_reg[8][11]' is a constant and will be removed. (OPT-1206)
Information: The register 'gamecenter/rex_jmp_list_reg[8][12]' is a constant and will be removed. (OPT-1206)
Information: The register 'gamecenter/rex_jmp_list_reg[8][13]' is a constant and will be removed. (OPT-1206)
Information: The register 'gamecenter/rex_jmp_list_reg[8][14]' is a constant and will be removed. (OPT-1206)
Information: The register 'gamecenter/rex_jmp_list_reg[8][15]' is a constant and will be removed. (OPT-1206)
Information: The register 'gamecenter/rex_jmp_list_reg[9][0]' is a constant and will be removed. (OPT-1206)
Information: The register 'gamecenter/rex_jmp_list_reg[9][1]' is a constant and will be removed. (OPT-1206)
Information: The register 'gamecenter/rex_jmp_list_reg[9][2]' is a constant and will be removed. (OPT-1206)
Information: The register 'gamecenter/rex_jmp_list_reg[9][3]' is a constant and will be removed. (OPT-1206)
Information: The register 'gamecenter/rex_jmp_list_reg[9][4]' is a constant and will be removed. (OPT-1206)
Information: The register 'gamecenter/rex_jmp_list_reg[9][5]' is a constant and will be removed. (OPT-1206)
Information: The register 'gamecenter/rex_jmp_list_reg[9][6]' is a constant and will be removed. (OPT-1206)
Information: The register 'gamecenter/rex_jmp_list_reg[9][7]' is a constant and will be removed. (OPT-1206)
Information: The register 'gamecenter/rex_jmp_list_reg[9][8]' is a constant and will be removed. (OPT-1206)
Information: The register 'gamecenter/rex_jmp_list_reg[9][9]' is a constant and will be removed. (OPT-1206)
Information: The register 'gamecenter/rex_jmp_list_reg[9][10]' is a constant and will be removed. (OPT-1206)
Information: The register 'gamecenter/rex_jmp_list_reg[9][11]' is a constant and will be removed. (OPT-1206)
Information: The register 'gamecenter/rex_jmp_list_reg[9][12]' is a constant and will be removed. (OPT-1206)
Information: The register 'gamecenter/rex_jmp_list_reg[9][13]' is a constant and will be removed. (OPT-1206)
Information: The register 'gamecenter/rex_jmp_list_reg[9][14]' is a constant and will be removed. (OPT-1206)
Information: The register 'gamecenter/rex_jmp_list_reg[9][15]' is a constant and will be removed. (OPT-1206)
Information: The register 'gamecenter/rex_jmp_list_reg[10][0]' is a constant and will be removed. (OPT-1206)
Information: The register 'gamecenter/rex_jmp_list_reg[10][1]' is a constant and will be removed. (OPT-1206)
Information: The register 'gamecenter/rex_jmp_list_reg[10][2]' is a constant and will be removed. (OPT-1206)
Information: The register 'gamecenter/rex_jmp_list_reg[10][3]' is a constant and will be removed. (OPT-1206)
Information: The register 'gamecenter/rex_jmp_list_reg[10][4]' is a constant and will be removed. (OPT-1206)
Information: The register 'gamecenter/rex_jmp_list_reg[10][5]' is a constant and will be removed. (OPT-1206)
Information: The register 'gamecenter/rex_jmp_list_reg[10][6]' is a constant and will be removed. (OPT-1206)
Information: The register 'gamecenter/rex_jmp_list_reg[10][7]' is a constant and will be removed. (OPT-1206)
Information: The register 'gamecenter/rex_jmp_list_reg[10][8]' is a constant and will be removed. (OPT-1206)
Information: The register 'gamecenter/rex_jmp_list_reg[10][9]' is a constant and will be removed. (OPT-1206)
Information: The register 'gamecenter/rex_jmp_list_reg[10][10]' is a constant and will be removed. (OPT-1206)
Information: The register 'gamecenter/rex_jmp_list_reg[10][11]' is a constant and will be removed. (OPT-1206)
Information: The register 'gamecenter/rex_jmp_list_reg[10][12]' is a constant and will be removed. (OPT-1206)
Information: The register 'gamecenter/rex_jmp_list_reg[10][13]' is a constant and will be removed. (OPT-1206)
Information: The register 'gamecenter/rex_jmp_list_reg[10][14]' is a constant and will be removed. (OPT-1206)
Information: The register 'gamecenter/rex_jmp_list_reg[10][15]' is a constant and will be removed. (OPT-1206)
Information: The register 'gamecenter/rex_jmp_list_reg[11][0]' is a constant and will be removed. (OPT-1206)
Information: The register 'gamecenter/rex_jmp_list_reg[11][1]' is a constant and will be removed. (OPT-1206)
Information: The register 'gamecenter/rex_jmp_list_reg[11][2]' is a constant and will be removed. (OPT-1206)
Information: The register 'gamecenter/rex_jmp_list_reg[11][3]' is a constant and will be removed. (OPT-1206)
Information: The register 'gamecenter/rex_jmp_list_reg[11][4]' is a constant and will be removed. (OPT-1206)
Information: The register 'gamecenter/rex_jmp_list_reg[11][5]' is a constant and will be removed. (OPT-1206)
Information: The register 'gamecenter/rex_jmp_list_reg[11][6]' is a constant and will be removed. (OPT-1206)
Information: The register 'gamecenter/rex_jmp_list_reg[11][7]' is a constant and will be removed. (OPT-1206)
Information: The register 'gamecenter/rex_jmp_list_reg[11][8]' is a constant and will be removed. (OPT-1206)
Information: The register 'gamecenter/rex_jmp_list_reg[11][9]' is a constant and will be removed. (OPT-1206)
Information: The register 'gamecenter/rex_jmp_list_reg[11][10]' is a constant and will be removed. (OPT-1206)
Information: The register 'gamecenter/rex_jmp_list_reg[11][11]' is a constant and will be removed. (OPT-1206)
Information: The register 'gamecenter/rex_jmp_list_reg[11][12]' is a constant and will be removed. (OPT-1206)
Information: The register 'gamecenter/rex_jmp_list_reg[11][13]' is a constant and will be removed. (OPT-1206)
Information: The register 'gamecenter/rex_jmp_list_reg[11][14]' is a constant and will be removed. (OPT-1206)
Information: The register 'gamecenter/rex_jmp_list_reg[11][15]' is a constant and will be removed. (OPT-1206)

  Updating timing information
Information: Updating design information... (UID-85)
Information: Design 'FDE_Rex_Runner' has no optimization constraints set. (OPT-108)

  Beginning Implementation Selection
  ----------------------------------
  Processing 'DW01_addsub_width16'
  Processing 'DW01_addsub_width16'
  Processing 'DW01_add_width16'
  Processing 'DW01_add_width16'
  Processing 'DW01_sub_width16'
  Processing 'DW01_cmp2_width16'
  Processing 'DW01_add_width5'
  Processing 'DW01_incdec_width8'
  Processing 'DW01_cmp2_width16'
  Processing 'DW01_cmp2_width16'
  Processing 'DW01_add_width16'
  Processing 'DW02_mult_A_width13_B_width5'
  Processing 'DW01_add_width16'
  Processing 'DW01_sub_width7'
  Processing 'DW01_sub_width16'
  Processing 'DW01_sub_width16'
  Processing 'DW01_sub_width6'
  Processing 'DW01_incdec_width6'
  Processing 'DW01_inc_width6'
  Processing 'DW01_sub_width16'
  Processing 'DW01_sub_width16'
  Processing 'DW01_cmp2_width16'
  Processing 'DW01_add_width16'

  Beginning Mapping Optimizations  (Medium effort)
  -------------------------------
  Structuring 'FDE_Rex_Runner'
  Mapping 'FDE_Rex_Runner'
Information: The register 'gamecenter/obs_left_reg[2]' is a constant and will be removed. (OPT-1206)
Information: The register 'gamecenter/obs_left_reg[1]' is a constant and will be removed. (OPT-1206)
Information: The register 'gamecenter/obs_left_reg[0]' is a constant and will be removed. (OPT-1206)
Information: The register 'gamecenter/rex_down_reg[15]' is a constant and will be removed. (OPT-1206)
Information: The register 'gamecenter/rex_down_reg[14]' is a constant and will be removed. (OPT-1206)
Information: The register 'gamecenter/rex_down_reg[13]' is a constant and will be removed. (OPT-1206)
Information: The register 'gamecenter/rex_down_reg[12]' is a constant and will be removed. (OPT-1206)
Information: The register 'gamecenter/rex_down_reg[11]' is a constant and will be removed. (OPT-1206)
Information: The register 'gamecenter/rex_down_reg[10]' is a constant and will be removed. (OPT-1206)
Information: The register 'gamecenter/rex_down_reg[9]' is a constant and will be removed. (OPT-1206)
Information: The register 'gamecenter/rex_down_reg[8]' is a constant and will be removed. (OPT-1206)
Information: The register 'gamecenter/rex_down_reg[7]' is a constant and will be removed. (OPT-1206)
Information: The register 'gamecenter/rex_down_reg[6]' is a constant and will be removed. (OPT-1206)

                                  TOTAL                                      
   ELAPSED            WORST NEG   SETUP    DESIGN                            
    TIME      AREA      SLACK     COST    RULE COST         ENDPOINT         
  --------- --------- --------- --------- --------- -------------------------
    0:00:02    2167.0      0.00       0.0      21.7                          
    0:00:02    2167.0      0.00       0.0      21.7                          
    0:00:02    2167.0      0.00       0.0      21.7                          
    0:00:02    2167.0      0.00       0.0      21.7                          
    0:00:02    2167.0      0.00       0.0      21.7                          
    0:00:02    2167.0      0.00       0.0      21.7                          
    0:00:02    2167.0      0.00       0.0      21.7                          
    0:00:02    2167.0      0.00       0.0      21.7                          
    0:00:02    2167.0      0.00       0.0      21.7                          
    0:00:02    2174.0      0.00       0.0       5.8                          
    0:00:02    2178.0      0.00       0.0       0.9                          
    0:00:02    2179.0      0.00       0.0       0.0                          
    0:00:02    2179.0      0.00       0.0       0.0                          
    0:00:02    2179.0      0.00       0.0       0.0                          
    0:00:02    2179.0      0.00       0.0       0.0                          



  Beginning Delay Optimization Phase
  ----------------------------------

                                  TOTAL                                      
   ELAPSED            WORST NEG   SETUP    DESIGN                            
    TIME      AREA      SLACK     COST    RULE COST         ENDPOINT         
  --------- --------- --------- --------- --------- -------------------------
    0:00:02    2179.0      0.00       0.0       0.0                          
    0:00:02    2179.0      0.00       0.0       0.0                          
    0:00:02    2179.0      0.00       0.0       0.0                          


  Beginning Area-Recovery Phase  (cleanup)
  -----------------------------

                                  TOTAL                                      
   ELAPSED            WORST NEG   SETUP    DESIGN                            
    TIME      AREA      SLACK     COST    RULE COST         ENDPOINT         
  --------- --------- --------- --------- --------- -------------------------
    0:00:02    2179.0      0.00       0.0       0.0                          
    0:00:02    2179.0      0.00       0.0       0.0                          
    0:00:02    2086.0      0.00       0.0       0.0                          
    0:00:02    2082.0      0.00       0.0       0.0                          
    0:00:02    2082.0      0.00       0.0       0.0                          
    0:00:02    2082.0      0.00       0.0       0.0                          
    0:00:02    2082.0      0.00       0.0       0.0                          
    0:00:02    2082.0      0.00       0.0       0.0                          
    0:00:02    2082.0      0.00       0.0       0.0                          
    0:00:02    2082.0      0.00       0.0       0.0                          
    0:00:02    2082.0      0.00       0.0       0.0                          
    0:00:02    2082.0      0.00       0.0       0.0                          
    0:00:02    2082.0      0.00       0.0       0.0                          
Loading db file '/home/allenwalker/project/lib/fde_dc.db'

  Optimization Complete
  ---------------------
Warning: Design has no hierarchy.  No cells can be ungrouped. (UID-228)
Alib files are up-to-date.
Loading db file '/eda/synopsys/dc2013/libraries/syn/dw_foundation.sldb'
Information: Failed to find dw_foundation.sldb in the user defined search_path, load it from 'Synopsys Root'. (UISN-70)
Warning: DesignWare synthetic library dw_foundation.sldb is added to the synthetic_library in the current command. (UISN-40)
Information: Evaluating DesignWare library utilization. (UISN-27)

============================================================================
| DesignWare Building Block Library  |         Version         | Available |
============================================================================
| Basic DW Building Blocks           | H-2013.03-DWBB_201303.0 |     *     |
| Licensed DW Building Blocks        | H-2013.03-DWBB_201303.0 |     *     |
============================================================================


Information: There are 1 potential problems in your design. Please run 'check_design' for more information. (LINT-99)


Loaded alib file './alib-52/fde_dc.db.alib'

  Beginning Pass 1 Mapping  (Incremental)
  ------------------------

  Updating timing information
Information: Updating design information... (UID-85)
Information: Design 'FDE_Rex_Runner' has no optimization constraints set. (OPT-108)

  Beginning Mapping Optimizations  (Ultra High effort)  (Incremental)
  -------------------------------

  Beginning Incremental Implementation Selection
  ----------------------------------------------

  Beginning Delay Optimization Phase
  ----------------------------------

                                  TOTAL                                      
   ELAPSED            WORST NEG   SETUP    DESIGN                            
    TIME      AREA      SLACK     COST    RULE COST         ENDPOINT         
  --------- --------- --------- --------- --------- -------------------------
    0:00:01    1968.0      0.00       0.0       0.0                          
Information: In design 'FDE_Rex_Runner', the register 'clock_divider/cnt2k5_reg[0]' is removed because it is merged to 'clock_divider/cnt5k_reg[0]'. (OPT-1215)
  Re-synthesis Optimization (Phase 1)
  Re-synthesis Optimization (Phase 2)
    0:00:01    1961.0      0.00       0.0       0.0                          
    0:00:01    1961.0      0.00       0.0       0.0                          
    0:00:01    1961.0      0.00       0.0       0.0                          
    0:00:01    1961.0      0.00       0.0       0.0                          
    0:00:01    1961.0      0.00       0.0       0.0                          
    0:00:01    1961.0      0.00       0.0       0.0                          
    0:00:01    1961.0      0.00       0.0       0.0                          
    0:00:01    1961.0      0.00       0.0       0.0                          
    0:00:01    1961.0      0.00       0.0       0.0                          
    0:00:01    1961.0      0.00       0.0       0.0                          

  Beginning Delay Optimization
  ----------------------------
    0:00:01    1961.0      0.00       0.0       0.0                          
    0:00:01    1961.0      0.00       0.0       0.0                          
    0:00:01    1961.0      0.00       0.0       0.0                          
    0:00:01    1961.0      0.00       0.0       0.0                          
    0:00:01    1961.0      0.00       0.0       0.0                          
    0:00:01    1961.0      0.00       0.0       0.0                          
    0:00:01    1961.0      0.00       0.0       0.0                          
    0:00:01    1961.0      0.00       0.0       0.0                          
    0:00:01    1961.0      0.00       0.0       0.0                          
    0:00:01    1961.0      0.00       0.0       0.0                          
    0:00:01    1961.0      0.00       0.0       0.0                          
    0:00:01    1961.0      0.00       0.0       0.0                          
    0:00:01    1961.0      0.00       0.0       0.0                          
    0:00:01    1961.0      0.00       0.0       0.0                          
    0:00:01    1961.0      0.00       0.0       0.0                          
    0:00:01    1961.0      0.00       0.0       0.0                          
    0:00:01    1961.0      0.00       0.0       0.0                          
    0:00:01    1961.0      0.00       0.0       0.0                          
    0:00:01    1961.0      0.00       0.0       0.0                          
    0:00:01    1961.0      0.00       0.0       0.0                          
    0:00:01    1961.0      0.00       0.0       0.0                          
    0:00:01    1961.0      0.00       0.0       0.0                          
    0:00:01    1961.0      0.00       0.0       0.0                          
    0:00:01    1961.0      0.00       0.0       0.0                          
    0:00:01    1961.0      0.00       0.0       0.0                          
    0:00:01    1961.0      0.00       0.0       0.0                          
    0:00:01    1961.0      0.00       0.0       0.0                          
    0:00:01    1961.0      0.00       0.0       0.0                          
    0:00:01    1961.0      0.00       0.0       0.0                          
    0:00:01    1961.0      0.00       0.0       0.0                          
    0:00:01    1961.0      0.00       0.0       0.0                          
    0:00:01    1961.0      0.00       0.0       0.0                          
    0:00:01    1961.0      0.00       0.0       0.0                          
    0:00:01    1961.0      0.00       0.0       0.0                          
    0:00:01    1961.0      0.00       0.0       0.0                          
    0:00:01    1961.0      0.00       0.0       0.0                          
    0:00:01    1961.0      0.00       0.0       0.0                          
    0:00:01    1961.0      0.00       0.0       0.0                          
    0:00:01    1961.0      0.00       0.0       0.0                          
    0:00:01    1961.0      0.00       0.0       0.0                          
    0:00:01    1961.0      0.00       0.0       0.0                          
    0:00:01    1961.0      0.00       0.0       0.0                          
    0:00:01    1961.0      0.00       0.0       0.0                          
    0:00:01    1961.0      0.00       0.0       0.0                          
    0:00:01    1961.0      0.00       0.0       0.0                          
    0:00:01    1961.0      0.00       0.0       0.0                          
    0:00:01    1961.0      0.00       0.0       0.0                          
    0:00:01    1961.0      0.00       0.0       0.0                          
Loading db file '/home/allenwalker/project/lib/fde_dc.db'

  Optimization Complete
  ---------------------
Writing verilog file '/mnt/hgfs/FDE_Rex_Runner/result/FDE_Rex_Runner_gate.v'.
Warning: Verilog 'assign' or 'tran' statements are written out. (VO-4)
1
